{"/Users/asgrimbeek/Projects/strip-accented/test.js":{"path":"/Users/asgrimbeek/Projects/strip-accented/test.js","s":{"1":1,"2":1,"3":1,"4":1,"5":1,"6":1,"7":1,"8":1,"9":1,"10":1,"11":1,"12":1,"13":1,"14":1,"15":1,"16":1,"17":1,"18":1,"19":1,"20":1,"21":1,"22":1,"23":1,"24":1,"25":1,"26":1,"27":1},"b":{},"f":{},"fnMap":{},"statementMap":{"1":{"start":{"line":1,"column":0},"end":{"line":1,"column":34}},"2":{"start":{"line":2,"column":0},"end":{"line":2,"column":36}},"3":{"start":{"line":4,"column":0},"end":{"line":8,"column":2}},"4":{"start":{"line":5,"column":2},"end":{"line":7,"column":4}},"5":{"start":{"line":6,"column":4},"end":{"line":6,"column":53}},"6":{"start":{"line":10,"column":0},"end":{"line":47,"column":2}},"7":{"start":{"line":12,"column":2},"end":{"line":15,"column":4}},"8":{"start":{"line":13,"column":4},"end":{"line":13,"column":46}},"9":{"start":{"line":14,"column":4},"end":{"line":14,"column":44}},"10":{"start":{"line":17,"column":2},"end":{"line":20,"column":4}},"11":{"start":{"line":18,"column":4},"end":{"line":18,"column":44}},"12":{"start":{"line":19,"column":4},"end":{"line":19,"column":42}},"13":{"start":{"line":22,"column":2},"end":{"line":25,"column":4}},"14":{"start":{"line":23,"column":4},"end":{"line":23,"column":44}},"15":{"start":{"line":24,"column":4},"end":{"line":24,"column":41}},"16":{"start":{"line":27,"column":2},"end":{"line":30,"column":4}},"17":{"start":{"line":28,"column":4},"end":{"line":28,"column":44}},"18":{"start":{"line":29,"column":4},"end":{"line":29,"column":42}},"19":{"start":{"line":32,"column":2},"end":{"line":35,"column":4}},"20":{"start":{"line":33,"column":4},"end":{"line":33,"column":44}},"21":{"start":{"line":34,"column":4},"end":{"line":34,"column":41}},"22":{"start":{"line":37,"column":2},"end":{"line":40,"column":4}},"23":{"start":{"line":38,"column":4},"end":{"line":38,"column":44}},"24":{"start":{"line":39,"column":4},"end":{"line":39,"column":41}},"25":{"start":{"line":42,"column":2},"end":{"line":45,"column":4}},"26":{"start":{"line":43,"column":4},"end":{"line":43,"column":44}},"27":{"start":{"line":44,"column":4},"end":{"line":44,"column":41}}},"branchMap":{}},"/Users/asgrimbeek/Projects/strip-accented/index.js":{"path":"/Users/asgrimbeek/Projects/strip-accented/index.js","s":{"1":1,"2":7,"3":7,"4":602,"5":602,"6":602,"7":7,"8":1,"9":1},"b":{},"f":{},"fnMap":{},"statementMap":{"1":{"start":{"line":9,"column":0},"end":{"line":195,"column":1}},"2":{"start":{"line":10,"column":2},"end":{"line":186,"column":3}},"3":{"start":{"line":188,"column":2},"end":{"line":192,"column":4}},"4":{"start":{"line":189,"column":4},"end":{"line":189,"column":39}},"5":{"start":{"line":190,"column":4},"end":{"line":190,"column":43}},"6":{"start":{"line":191,"column":4},"end":{"line":191,"column":39}},"7":{"start":{"line":194,"column":2},"end":{"line":194,"column":15}},"8":{"start":{"line":197,"column":0},"end":{"line":197,"column":43}},"9":{"start":{"line":198,"column":0},"end":{"line":198,"column":30}}},"branchMap":{}}}