TN:
SF:/Users/asgrimbeek/Projects/strip-accented/test.js
FNF:0
FNH:0
DA:1,1
DA:2,1
DA:4,1
DA:5,1
DA:6,1
DA:10,1
DA:12,1
DA:13,1
DA:14,1
DA:17,1
DA:18,1
DA:19,1
DA:22,1
DA:23,1
DA:24,1
DA:27,1
DA:28,1
DA:29,1
DA:32,1
DA:33,1
DA:34,1
DA:37,1
DA:38,1
DA:39,1
DA:42,1
DA:43,1
DA:44,1
LF:27
LH:27
BRF:0
BRH:0
end_of_record
TN:
SF:/Users/asgrimbeek/Projects/strip-accented/index.js
FNF:0
FNH:0
DA:9,1
DA:10,7
DA:188,7
DA:189,602
DA:190,602
DA:191,602
DA:194,7
DA:197,1
DA:198,1
LF:9
LH:9
BRF:0
BRH:0
end_of_record
